==================================================================
★[2018/05/16 00:00:01]，切割日志
==================================================================
|--当前保留最新的[300]份
|---已切割日志到:/www/wwwlogs/sell.chuanboke.net.log_2018-05-16_000001.log
==================================================================
★[2018/05/17 00:00:02]，切割日志
==================================================================
|--当前保留最新的[300]份
|---已切割日志到:/www/wwwlogs/sell.chuanboke.net.log_2018-05-17_000002.log
==================================================================
★[2018/05/18 00:00:01]，切割日志
==================================================================
|--当前保留最新的[300]份
|---已切割日志到:/www/wwwlogs/sell.chuanboke.net.log_2018-05-18_000001.log
==================================================================
★[2018/05/19 00:00:01]，切割日志
==================================================================
|--当前保留最新的[300]份
|---已切割日志到:/www/wwwlogs/sell.chuanboke.net.log_2018-05-19_000001.log
==================================================================
★[2018/05/20 00:00:01]，切割日志
==================================================================
|--当前保留最新的[300]份
|---已切割日志到:/www/wwwlogs/sell.chuanboke.net.log_2018-05-20_000001.log
==================================================================
★[2018/05/21 00:00:01]，切割日志
==================================================================
|--当前保留最新的[300]份
|---已切割日志到:/www/wwwlogs/sell.chuanboke.net.log_2018-05-21_000001.log
==================================================================
★[2018/05/22 00:00:05]，切割日志
==================================================================
|--当前保留最新的[300]份
|---已切割日志到:/www/wwwlogs/sell.chuanboke.net.log_2018-05-22_000005.log
==================================================================
★[2018/05/23 00:00:01]，切割日志
==================================================================
|--当前保留最新的[300]份
|---已切割日志到:/www/wwwlogs/sell.chuanboke.net.log_2018-05-23_000001.log
==================================================================
★[2018/05/24 00:00:01]，切割日志
==================================================================
|--当前保留最新的[300]份
|---已切割日志到:/www/wwwlogs/sell.chuanboke.net.log_2018-05-24_000001.log
==================================================================
★[2018/05/25 00:00:01]，切割日志
==================================================================
|--当前保留最新的[300]份
|---已切割日志到:/www/wwwlogs/sell.chuanboke.net.log_2018-05-25_000001.log
==================================================================
★[2018/05/26 00:00:01]，切割日志
==================================================================
|--当前保留最新的[300]份
|---已切割日志到:/www/wwwlogs/sell.chuanboke.net.log_2018-05-26_000001.log
==================================================================
★[2018/05/27 00:00:02]，切割日志
==================================================================
|--当前保留最新的[300]份
|---已切割日志到:/www/wwwlogs/sell.chuanboke.net.log_2018-05-27_000002.log
==================================================================
★[2018/05/28 00:00:03]，切割日志
==================================================================
|--当前保留最新的[300]份
|---已切割日志到:/www/wwwlogs/sell.chuanboke.net.log_2018-05-28_000003.log
==================================================================
★[2018/05/29 00:00:03]，切割日志
==================================================================
|--当前保留最新的[300]份
|---已切割日志到:/www/wwwlogs/sell.chuanboke.net.log_2018-05-29_000003.log
==================================================================
★[2018/05/30 00:00:03]，切割日志
==================================================================
|--当前保留最新的[300]份
|---已切割日志到:/www/wwwlogs/sell.chuanboke.net.log_2018-05-30_000003.log
==================================================================
★[2018/05/31 00:00:03]，切割日志
==================================================================
|--当前保留最新的[300]份
|---已切割日志到:/www/wwwlogs/sell.chuanboke.net.log_2018-05-31_000003.log
==================================================================
★[2018/06/01 00:00:02]，切割日志
==================================================================
|--当前保留最新的[300]份
|---已切割日志到:/www/wwwlogs/sell.chuanboke.net.log_2018-06-01_000002.log
==================================================================
★[2018/06/02 00:00:02]，切割日志
==================================================================
|--当前保留最新的[300]份
|---已切割日志到:/www/wwwlogs/sell.chuanboke.net.log_2018-06-02_000002.log
==================================================================
★[2018/06/03 00:00:01]，切割日志
==================================================================
|--当前保留最新的[300]份
|---已切割日志到:/www/wwwlogs/sell.chuanboke.net.log_2018-06-03_000001.log
==================================================================
★[2018/06/04 00:00:01]，切割日志
==================================================================
|--当前保留最新的[300]份
|---已切割日志到:/www/wwwlogs/sell.chuanboke.net.log_2018-06-04_000001.log
==================================================================
★[2018/06/05 00:00:01]，切割日志
==================================================================
|--当前保留最新的[300]份
|---已切割日志到:/www/wwwlogs/sell.chuanboke.net.log_2018-06-05_000001.log
==================================================================
★[2018/06/06 00:00:04]，切割日志
==================================================================
|--当前保留最新的[300]份
|---已切割日志到:/www/wwwlogs/sell.chuanboke.net.log_2018-06-06_000004.log
==================================================================
★[2018/06/07 00:00:02]，切割日志
==================================================================
|--当前保留最新的[300]份
|---已切割日志到:/www/wwwlogs/sell.chuanboke.net.log_2018-06-07_000002.log
==================================================================
★[2018/06/08 00:00:01]，切割日志
==================================================================
|--当前保留最新的[300]份
|---已切割日志到:/www/wwwlogs/sell.chuanboke.net.log_2018-06-08_000001.log
==================================================================
★[2018/06/09 00:00:02]，切割日志
==================================================================
|--当前保留最新的[300]份
|---已切割日志到:/www/wwwlogs/sell.chuanboke.net.log_2018-06-09_000002.log
==================================================================
★[2018/06/10 00:00:02]，切割日志
==================================================================
|--当前保留最新的[300]份
|---已切割日志到:/www/wwwlogs/sell.chuanboke.net.log_2018-06-10_000002.log
==================================================================
★[2018/06/11 00:00:01]，切割日志
==================================================================
|--当前保留最新的[300]份
|---已切割日志到:/www/wwwlogs/sell.chuanboke.net.log_2018-06-11_000001.log
==================================================================
★[2018/06/12 00:00:02]，切割日志
==================================================================
|--当前保留最新的[300]份
|---已切割日志到:/www/wwwlogs/sell.chuanboke.net.log_2018-06-12_000002.log
==================================================================
★[2018/06/13 00:00:01]，切割日志
==================================================================
|--当前保留最新的[300]份
|---已切割日志到:/www/wwwlogs/sell.chuanboke.net.log_2018-06-13_000001.log
==================================================================
★[2018/06/14 00:00:02]，切割日志
==================================================================
|--当前保留最新的[300]份
|---已切割日志到:/www/wwwlogs/sell.chuanboke.net.log_2018-06-14_000002.log
==================================================================
★[2018/06/15 00:00:01]，切割日志
==================================================================
|--当前保留最新的[300]份
|---已切割日志到:/www/wwwlogs/sell.chuanboke.net.log_2018-06-15_000001.log
==================================================================
★[2018/06/16 00:00:01]，切割日志
==================================================================
|--当前保留最新的[300]份
|---已切割日志到:/www/wwwlogs/sell.chuanboke.net.log_2018-06-16_000001.log
==================================================================
★[2018/06/17 00:00:02]，切割日志
==================================================================
|--当前保留最新的[300]份
|---已切割日志到:/www/wwwlogs/sell.chuanboke.net.log_2018-06-17_000002.log
==================================================================
★[2018/06/18 00:00:01]，切割日志
==================================================================
|--当前保留最新的[300]份
|---已切割日志到:/www/wwwlogs/sell.chuanboke.net.log_2018-06-18_000001.log
==================================================================
★[2018/06/19 00:00:01]，切割日志
==================================================================
|--当前保留最新的[300]份
|---已切割日志到:/www/wwwlogs/sell.chuanboke.net.log_2018-06-19_000001.log
==================================================================
★[2018/06/20 00:00:01]，切割日志
==================================================================
|--当前保留最新的[300]份
|---已切割日志到:/www/wwwlogs/sell.chuanboke.net.log_2018-06-20_000001.log
==================================================================
★[2018/06/21 00:00:01]，切割日志
==================================================================
|--当前保留最新的[300]份
|---已切割日志到:/www/wwwlogs/sell.chuanboke.net.log_2018-06-21_000001.log
==================================================================
★[2018/06/22 00:00:02]，切割日志
==================================================================
|--当前保留最新的[300]份
|---已切割日志到:/www/wwwlogs/sell.chuanboke.net.log_2018-06-22_000002.log
==================================================================
★[2018/06/23 00:00:01]，切割日志
==================================================================
|--当前保留最新的[300]份
|---已切割日志到:/www/wwwlogs/sell.chuanboke.net.log_2018-06-23_000001.log
==================================================================
★[2018/06/24 00:00:02]，切割日志
==================================================================
|--当前保留最新的[300]份
|---已切割日志到:/www/wwwlogs/sell.chuanboke.net.log_2018-06-24_000002.log
==================================================================
★[2018/06/25 00:00:01]，切割日志
==================================================================
|--当前保留最新的[300]份
|---已切割日志到:/www/wwwlogs/sell.chuanboke.net.log_2018-06-25_000001.log
==================================================================
★[2018/06/26 00:00:01]，切割日志
==================================================================
|--当前保留最新的[300]份
|---已切割日志到:/www/wwwlogs/sell.chuanboke.net.log_2018-06-26_000001.log
==================================================================
★[2018/06/27 00:00:02]，切割日志
==================================================================
|--当前保留最新的[300]份
|---已切割日志到:/www/wwwlogs/sell.chuanboke.net.log_2018-06-27_000002.log
==================================================================
★[2018/06/28 00:00:02]，切割日志
==================================================================
|--当前保留最新的[10]份
|---已切割日志到:/www/wwwlogs/sell.chuanboke.net.log_2018-06-28_000002.log
==================================================================
★[2018/06/29 00:00:02]，切割日志
==================================================================
|--当前保留最新的[10]份
|---已切割日志到:/www/wwwlogs/sell.chuanboke.net.log_2018-06-29_000002.log
==================================================================
★[2018/06/30 00:00:01]，切割日志
==================================================================
|--当前保留最新的[10]份
|---已切割日志到:/www/wwwlogs/sell.chuanboke.net.log_2018-06-30_000001.log
==================================================================
★[2018/07/01 00:00:02]，切割日志
==================================================================
|--当前保留最新的[10]份
|---已切割日志到:/www/wwwlogs/sell.chuanboke.net.log_2018-07-01_000002.log
==================================================================
★[2018/07/02 00:00:01]，切割日志
==================================================================
|--当前保留最新的[10]份
|---已切割日志到:/www/wwwlogs/sell.chuanboke.net.log_2018-07-02_000001.log
==================================================================
★[2018/07/03 00:00:02]，切割日志
==================================================================
|--当前保留最新的[10]份
|---已切割日志到:/www/wwwlogs/sell.chuanboke.net.log_2018-07-03_000002.log
==================================================================
★[2018/07/04 00:00:01]，切割日志
==================================================================
|--当前保留最新的[10]份
|---已切割日志到:/www/wwwlogs/sell.chuanboke.net.log_2018-07-04_000001.log
==================================================================
★[2018/07/05 00:00:01]，切割日志
==================================================================
|--当前保留最新的[10]份
|---已切割日志到:/www/wwwlogs/sell.chuanboke.net.log_2018-07-05_000001.log
==================================================================
★[2018/07/06 00:00:02]，切割日志
==================================================================
|--当前保留最新的[10]份
|---已切割日志到:/www/wwwlogs/sell.chuanboke.net.log_2018-07-06_000002.log
==================================================================
★[2018/07/07 00:00:01]，切割日志
==================================================================
|--当前保留最新的[10]份
|---多余日志[/www/wwwlogs/sell.chuanboke.net.log_2018-06-27_000002.log]已删除!
|---已切割日志到:/www/wwwlogs/sell.chuanboke.net.log_2018-07-07_000001.log
==================================================================
★[2018/07/08 00:00:02]，切割日志
==================================================================
|--当前保留最新的[10]份
|---多余日志[/www/wwwlogs/sell.chuanboke.net.log_2018-06-28_000002.log]已删除!
|---已切割日志到:/www/wwwlogs/sell.chuanboke.net.log_2018-07-08_000002.log
==================================================================
★[2018/07/09 00:00:02]，切割日志
==================================================================
|--当前保留最新的[10]份
|---多余日志[/www/wwwlogs/sell.chuanboke.net.log_2018-06-29_000002.log]已删除!
|---已切割日志到:/www/wwwlogs/sell.chuanboke.net.log_2018-07-09_000002.log
==================================================================
★[2018/07/10 00:00:02]，切割日志
==================================================================
|--当前保留最新的[10]份
|---多余日志[/www/wwwlogs/sell.chuanboke.net.log_2018-06-30_000001.log]已删除!
|---已切割日志到:/www/wwwlogs/sell.chuanboke.net.log_2018-07-10_000002.log
==================================================================
★[2018/07/11 00:00:02]，切割日志
==================================================================
|--当前保留最新的[10]份
|---多余日志[/www/wwwlogs/sell.chuanboke.net.log_2018-07-01_000002.log]已删除!
|---已切割日志到:/www/wwwlogs/sell.chuanboke.net.log_2018-07-11_000002.log
==================================================================
★[2018/07/12 00:00:01]，切割日志
==================================================================
|--当前保留最新的[10]份
|---多余日志[/www/wwwlogs/sell.chuanboke.net.log_2018-07-02_000001.log]已删除!
|---已切割日志到:/www/wwwlogs/sell.chuanboke.net.log_2018-07-12_000001.log
==================================================================
★[2018/07/13 00:00:02]，切割日志
==================================================================
|--当前保留最新的[10]份
|---多余日志[/www/wwwlogs/sell.chuanboke.net.log_2018-07-03_000002.log]已删除!
|---已切割日志到:/www/wwwlogs/sell.chuanboke.net.log_2018-07-13_000002.log
==================================================================
★[2018/07/14 00:00:02]，切割日志
==================================================================
|--当前保留最新的[10]份
|---多余日志[/www/wwwlogs/sell.chuanboke.net.log_2018-07-04_000001.log]已删除!
|---已切割日志到:/www/wwwlogs/sell.chuanboke.net.log_2018-07-14_000002.log
==================================================================
★[2018/07/15 00:00:02]，切割日志
==================================================================
|--当前保留最新的[10]份
|---多余日志[/www/wwwlogs/sell.chuanboke.net.log_2018-07-05_000001.log]已删除!
|---已切割日志到:/www/wwwlogs/sell.chuanboke.net.log_2018-07-15_000002.log
==================================================================
★[2018/07/16 00:00:01]，切割日志
==================================================================
|--当前保留最新的[10]份
|---多余日志[/www/wwwlogs/sell.chuanboke.net.log_2018-07-06_000002.log]已删除!
|---已切割日志到:/www/wwwlogs/sell.chuanboke.net.log_2018-07-16_000002.log
==================================================================
★[2018/07/17 00:00:02]，切割日志
==================================================================
|--当前保留最新的[10]份
|---多余日志[/www/wwwlogs/sell.chuanboke.net.log_2018-07-07_000001.log]已删除!
|---已切割日志到:/www/wwwlogs/sell.chuanboke.net.log_2018-07-17_000002.log
==================================================================
★[2018/07/18 00:00:01]，切割日志
==================================================================
|--当前保留最新的[10]份
|---多余日志[/www/wwwlogs/sell.chuanboke.net.log_2018-07-08_000002.log]已删除!
|---已切割日志到:/www/wwwlogs/sell.chuanboke.net.log_2018-07-18_000001.log
==================================================================
★[2018/07/19 00:00:02]，切割日志
==================================================================
|--当前保留最新的[10]份
|---多余日志[/www/wwwlogs/sell.chuanboke.net.log_2018-07-09_000002.log]已删除!
|---已切割日志到:/www/wwwlogs/sell.chuanboke.net.log_2018-07-19_000002.log
==================================================================
★[2018/07/20 00:00:02]，切割日志
==================================================================
|--当前保留最新的[10]份
|---多余日志[/www/wwwlogs/sell.chuanboke.net.log_2018-07-10_000002.log]已删除!
|---已切割日志到:/www/wwwlogs/sell.chuanboke.net.log_2018-07-20_000002.log
==================================================================
★[2018/07/21 00:00:02]，切割日志
==================================================================
|--当前保留最新的[10]份
|---多余日志[/www/wwwlogs/sell.chuanboke.net.log_2018-07-11_000002.log]已删除!
|---已切割日志到:/www/wwwlogs/sell.chuanboke.net.log_2018-07-21_000002.log
==================================================================
★[2018/07/22 00:00:01]，切割日志
==================================================================
|--当前保留最新的[10]份
|---多余日志[/www/wwwlogs/sell.chuanboke.net.log_2018-07-12_000001.log]已删除!
|---已切割日志到:/www/wwwlogs/sell.chuanboke.net.log_2018-07-22_000002.log
==================================================================
★[2018/07/23 00:00:01]，切割日志
==================================================================
|--当前保留最新的[10]份
|---多余日志[/www/wwwlogs/sell.chuanboke.net.log_2018-07-13_000002.log]已删除!
|---已切割日志到:/www/wwwlogs/sell.chuanboke.net.log_2018-07-23_000001.log
==================================================================
★[2018/07/24 00:00:02]，切割日志
==================================================================
|--当前保留最新的[10]份
|---多余日志[/www/wwwlogs/sell.chuanboke.net.log_2018-07-14_000002.log]已删除!
|---已切割日志到:/www/wwwlogs/sell.chuanboke.net.log_2018-07-24_000002.log
==================================================================
★[2018/07/25 00:00:01]，切割日志
==================================================================
|--当前保留最新的[10]份
|---多余日志[/www/wwwlogs/sell.chuanboke.net.log_2018-07-15_000002.log]已删除!
|---已切割日志到:/www/wwwlogs/sell.chuanboke.net.log_2018-07-25_000001.log
==================================================================
★[2018/07/26 00:00:01]，切割日志
==================================================================
|--当前保留最新的[10]份
|---多余日志[/www/wwwlogs/sell.chuanboke.net.log_2018-07-16_000002.log]已删除!
|---已切割日志到:/www/wwwlogs/sell.chuanboke.net.log_2018-07-26_000001.log
==================================================================
★[2018/07/27 00:00:01]，切割日志
==================================================================
|--当前保留最新的[10]份
|---多余日志[/www/wwwlogs/sell.chuanboke.net.log_2018-07-17_000002.log]已删除!
|---已切割日志到:/www/wwwlogs/sell.chuanboke.net.log_2018-07-27_000001.log
==================================================================
★[2018/07/28 00:00:02]，切割日志
==================================================================
|--当前保留最新的[10]份
|---多余日志[/www/wwwlogs/sell.chuanboke.net.log_2018-07-18_000001.log]已删除!
|---已切割日志到:/www/wwwlogs/sell.chuanboke.net.log_2018-07-28_000002.log
==================================================================
★[2018/07/29 00:00:01]，切割日志
==================================================================
|--当前保留最新的[10]份
|---多余日志[/www/wwwlogs/sell.chuanboke.net.log_2018-07-19_000002.log]已删除!
|---已切割日志到:/www/wwwlogs/sell.chuanboke.net.log_2018-07-29_000001.log
==================================================================
★[2018/07/30 00:00:02]，切割日志
==================================================================
|--当前保留最新的[10]份
|---多余日志[/www/wwwlogs/sell.chuanboke.net.log_2018-07-20_000002.log]已删除!
|---已切割日志到:/www/wwwlogs/sell.chuanboke.net.log_2018-07-30_000002.log
==================================================================
★[2018/07/31 00:00:02]，切割日志
==================================================================
|--当前保留最新的[10]份
|---多余日志[/www/wwwlogs/sell.chuanboke.net.log_2018-07-21_000002.log]已删除!
|---已切割日志到:/www/wwwlogs/sell.chuanboke.net.log_2018-07-31_000002.log
==================================================================
★[2018/08/01 00:00:02]，切割日志
==================================================================
|--当前保留最新的[10]份
|---多余日志[/www/wwwlogs/sell.chuanboke.net.log_2018-07-22_000002.log]已删除!
|---已切割日志到:/www/wwwlogs/sell.chuanboke.net.log_2018-08-01_000002.log
==================================================================
★[2018/08/02 00:00:01]，切割日志
==================================================================
|--当前保留最新的[10]份
|---多余日志[/www/wwwlogs/sell.chuanboke.net.log_2018-07-23_000001.log]已删除!
|---已切割日志到:/www/wwwlogs/sell.chuanboke.net.log_2018-08-02_000001.log
==================================================================
★[2018/08/03 00:00:02]，切割日志
==================================================================
|--当前保留最新的[10]份
|---多余日志[/www/wwwlogs/sell.chuanboke.net.log_2018-07-24_000002.log]已删除!
|---已切割日志到:/www/wwwlogs/sell.chuanboke.net.log_2018-08-03_000002.log
==================================================================
★[2018/08/04 00:00:02]，切割日志
==================================================================
|--当前保留最新的[10]份
|---多余日志[/www/wwwlogs/sell.chuanboke.net.log_2018-07-25_000001.log]已删除!
|---已切割日志到:/www/wwwlogs/sell.chuanboke.net.log_2018-08-04_000002.log
==================================================================
★[2018/08/05 00:00:01]，切割日志
==================================================================
|--当前保留最新的[10]份
|---多余日志[/www/wwwlogs/sell.chuanboke.net.log_2018-07-26_000001.log]已删除!
|---已切割日志到:/www/wwwlogs/sell.chuanboke.net.log_2018-08-05_000002.log
==================================================================
★[2018/08/06 00:00:01]，切割日志
==================================================================
|--当前保留最新的[10]份
|---多余日志[/www/wwwlogs/sell.chuanboke.net.log_2018-07-27_000001.log]已删除!
|---已切割日志到:/www/wwwlogs/sell.chuanboke.net.log_2018-08-06_000001.log
==================================================================
★[2018/08/07 00:00:01]，切割日志
==================================================================
|--当前保留最新的[10]份
|---多余日志[/www/wwwlogs/sell.chuanboke.net.log_2018-07-28_000002.log]已删除!
|---已切割日志到:/www/wwwlogs/sell.chuanboke.net.log_2018-08-07_000002.log
==================================================================
★[2018/08/08 00:00:01]，切割日志
==================================================================
|--当前保留最新的[10]份
|---多余日志[/www/wwwlogs/sell.chuanboke.net.log_2018-07-29_000001.log]已删除!
|---已切割日志到:/www/wwwlogs/sell.chuanboke.net.log_2018-08-08_000001.log
