<html>
<head><title>302 Found</title></head>
<body bgcolor="white">
<center><h1>302 Found</h1></center>
<hr><center>nginx</center>
</body>
</html>
----------------------------------------------------------------------------
★[2018-07-20 17:00:02] Successful
----------------------------------------------------------------------------
<html>
<head><title>302 Found</title></head>
<body bgcolor="white">
<center><h1>302 Found</h1></center>
<hr><center>nginx</center>
</body>
</html>
----------------------------------------------------------------------------
★[2018-07-20 18:00:02] Successful
----------------------------------------------------------------------------
<html>
<head><title>302 Found</title></head>
<body bgcolor="white">
<center><h1>302 Found</h1></center>
<hr><center>nginx</center>
</body>
</html>
----------------------------------------------------------------------------
★[2018-07-20 19:00:02] Successful
----------------------------------------------------------------------------
<html>
<head><title>302 Found</title></head>
<body bgcolor="white">
<center><h1>302 Found</h1></center>
<hr><center>nginx</center>
</body>
</html>
----------------------------------------------------------------------------
★[2018-07-20 20:00:02] Successful
----------------------------------------------------------------------------
推送成功，共200条，成功推送200,今日剩余4999537条推送条数----------------------------------------------------------------------------
★[2018-07-20 21:00:09] Successful
----------------------------------------------------------------------------
没有新的链接可供推送----------------------------------------------------------------------------
★[2018-07-20 22:00:07] Successful
----------------------------------------------------------------------------
推送成功，共12条，成功推送12,今日剩余4999523条推送条数----------------------------------------------------------------------------
★[2018-07-20 23:00:08] Successful
----------------------------------------------------------------------------
推送失败----------------------------------------------------------------------------
★[2018-07-21 00:00:09] Successful
----------------------------------------------------------------------------
推送成功，共2条，成功推送2,今日剩余4999998条推送条数----------------------------------------------------------------------------
★[2018-07-21 01:00:03] Successful
----------------------------------------------------------------------------
没有新的链接可供推送----------------------------------------------------------------------------
★[2018-07-21 02:00:06] Successful
----------------------------------------------------------------------------
没有新的链接可供推送----------------------------------------------------------------------------
★[2018-07-21 03:00:02] Successful
----------------------------------------------------------------------------
没有新的链接可供推送----------------------------------------------------------------------------
★[2018-07-21 04:00:02] Successful
----------------------------------------------------------------------------
没有新的链接可供推送----------------------------------------------------------------------------
★[2018-07-21 05:00:03] Successful
----------------------------------------------------------------------------
没有新的链接可供推送----------------------------------------------------------------------------
★[2018-07-21 06:00:02] Successful
----------------------------------------------------------------------------
推送成功，共1条，成功推送1,今日剩余4999997条推送条数----------------------------------------------------------------------------
★[2018-07-21 07:00:03] Successful
----------------------------------------------------------------------------
推送成功，共7条，成功推送7,今日剩余4999990条推送条数----------------------------------------------------------------------------
★[2018-07-21 08:00:08] Successful
----------------------------------------------------------------------------
推送成功，共11条，成功推送11,今日剩余4999979条推送条数----------------------------------------------------------------------------
★[2018-07-21 09:00:07] Successful
----------------------------------------------------------------------------
推送成功，共6条，成功推送6,今日剩余4999972条推送条数----------------------------------------------------------------------------
★[2018-07-21 10:00:08] Successful
----------------------------------------------------------------------------
推送成功，共1条，成功推送1,今日剩余4999971条推送条数----------------------------------------------------------------------------
★[2018-07-21 11:00:09] Successful
----------------------------------------------------------------------------
没有新的链接可供推送----------------------------------------------------------------------------
★[2018-07-21 12:00:08] Successful
----------------------------------------------------------------------------
推送成功，共3条，成功推送3,今日剩余4999968条推送条数----------------------------------------------------------------------------
★[2018-07-21 13:00:07] Successful
----------------------------------------------------------------------------
推送成功，共2条，成功推送2,今日剩余4999966条推送条数----------------------------------------------------------------------------
★[2018-07-21 14:00:08] Successful
----------------------------------------------------------------------------
推送成功，共2条，成功推送2,今日剩余4999964条推送条数----------------------------------------------------------------------------
★[2018-07-21 15:00:08] Successful
----------------------------------------------------------------------------
推送成功，共2条，成功推送2,今日剩余4999962条推送条数----------------------------------------------------------------------------
★[2018-07-21 16:00:07] Successful
----------------------------------------------------------------------------
推送成功，共2条，成功推送2,今日剩余4999960条推送条数----------------------------------------------------------------------------
★[2018-07-21 17:00:07] Successful
----------------------------------------------------------------------------
没有新的链接可供推送----------------------------------------------------------------------------
★[2018-07-21 18:00:09] Successful
----------------------------------------------------------------------------
没有新的链接可供推送----------------------------------------------------------------------------
★[2018-07-21 19:00:09] Successful
----------------------------------------------------------------------------
推送成功，共3条，成功推送3,今日剩余4999957条推送条数----------------------------------------------------------------------------
★[2018-07-21 20:00:04] Successful
----------------------------------------------------------------------------
没有新的链接可供推送----------------------------------------------------------------------------
★[2018-07-21 21:00:08] Successful
----------------------------------------------------------------------------
推送成功，共1条，成功推送1,今日剩余4999956条推送条数----------------------------------------------------------------------------
★[2018-07-21 22:00:07] Successful
----------------------------------------------------------------------------
没有新的链接可供推送----------------------------------------------------------------------------
★[2018-07-21 23:00:07] Successful
----------------------------------------------------------------------------
推送成功，共1条，成功推送1,今日剩余4999999条推送条数----------------------------------------------------------------------------
★[2018-07-22 00:00:08] Successful
----------------------------------------------------------------------------
推送成功，共2条，成功推送2,今日剩余4999997条推送条数----------------------------------------------------------------------------
★[2018-07-22 01:00:07] Successful
----------------------------------------------------------------------------
没有新的链接可供推送----------------------------------------------------------------------------
★[2018-07-22 02:00:06] Successful
----------------------------------------------------------------------------
没有新的链接可供推送----------------------------------------------------------------------------
★[2018-07-22 03:00:03] Successful
----------------------------------------------------------------------------
没有新的链接可供推送----------------------------------------------------------------------------
★[2018-07-22 04:00:03] Successful
----------------------------------------------------------------------------
没有新的链接可供推送----------------------------------------------------------------------------
★[2018-07-22 05:00:03] Successful
----------------------------------------------------------------------------
没有新的链接可供推送----------------------------------------------------------------------------
★[2018-07-22 06:00:02] Successful
----------------------------------------------------------------------------
没有新的链接可供推送----------------------------------------------------------------------------
★[2018-07-22 07:00:02] Successful
----------------------------------------------------------------------------
没有新的链接可供推送----------------------------------------------------------------------------
★[2018-07-22 08:00:03] Successful
----------------------------------------------------------------------------
推送成功，共1条，成功推送1,今日剩余4999996条推送条数----------------------------------------------------------------------------
★[2018-07-22 09:00:03] Successful
----------------------------------------------------------------------------
没有新的链接可供推送----------------------------------------------------------------------------
★[2018-07-22 10:00:08] Successful
----------------------------------------------------------------------------
没有新的链接可供推送----------------------------------------------------------------------------
★[2018-07-22 11:00:08] Successful
----------------------------------------------------------------------------
推送成功，共2条，成功推送2,今日剩余4999994条推送条数----------------------------------------------------------------------------
★[2018-07-22 12:00:09] Successful
----------------------------------------------------------------------------
推送成功，共3条，成功推送3,今日剩余4999991条推送条数----------------------------------------------------------------------------
★[2018-07-22 13:00:10] Successful
----------------------------------------------------------------------------
推送成功，共2条，成功推送2,今日剩余4999989条推送条数----------------------------------------------------------------------------
★[2018-07-22 14:00:07] Successful
----------------------------------------------------------------------------
推送成功，共1条，成功推送1,今日剩余4999988条推送条数----------------------------------------------------------------------------
★[2018-07-22 15:00:08] Successful
----------------------------------------------------------------------------
没有新的链接可供推送----------------------------------------------------------------------------
★[2018-07-22 16:00:08] Successful
----------------------------------------------------------------------------
没有新的链接可供推送----------------------------------------------------------------------------
★[2018-07-22 17:00:08] Successful
----------------------------------------------------------------------------
没有新的链接可供推送----------------------------------------------------------------------------
★[2018-07-22 18:00:07] Successful
----------------------------------------------------------------------------
没有新的链接可供推送----------------------------------------------------------------------------
★[2018-07-22 19:00:08] Successful
----------------------------------------------------------------------------
推送成功，共2条，成功推送2,今日剩余4999986条推送条数----------------------------------------------------------------------------
★[2018-07-22 20:00:09] Successful
----------------------------------------------------------------------------
没有新的链接可供推送----------------------------------------------------------------------------
★[2018-07-22 21:00:08] Successful
----------------------------------------------------------------------------
没有新的链接可供推送----------------------------------------------------------------------------
★[2018-07-22 22:00:08] Successful
----------------------------------------------------------------------------
推送成功，共2条，成功推送2,今日剩余4999984条推送条数----------------------------------------------------------------------------
★[2018-07-22 23:00:08] Successful
----------------------------------------------------------------------------
没有新的链接可供推送----------------------------------------------------------------------------
★[2018-07-23 00:00:08] Successful
----------------------------------------------------------------------------
没有新的链接可供推送----------------------------------------------------------------------------
★[2018-07-23 01:00:07] Successful
----------------------------------------------------------------------------
没有新的链接可供推送----------------------------------------------------------------------------
★[2018-07-23 02:00:09] Successful
----------------------------------------------------------------------------
没有新的链接可供推送----------------------------------------------------------------------------
★[2018-07-23 03:00:03] Successful
----------------------------------------------------------------------------
没有新的链接可供推送----------------------------------------------------------------------------
★[2018-07-23 04:00:02] Successful
----------------------------------------------------------------------------
没有新的链接可供推送----------------------------------------------------------------------------
★[2018-07-23 05:00:02] Successful
----------------------------------------------------------------------------
没有新的链接可供推送----------------------------------------------------------------------------
★[2018-07-23 06:00:02] Successful
----------------------------------------------------------------------------
没有新的链接可供推送----------------------------------------------------------------------------
★[2018-07-23 07:00:02] Successful
----------------------------------------------------------------------------
推送成功，共1条，成功推送1,今日剩余4999999条推送条数----------------------------------------------------------------------------
★[2018-07-23 08:00:03] Successful
----------------------------------------------------------------------------
推送成功，共4条，成功推送4,今日剩余4999995条推送条数----------------------------------------------------------------------------
★[2018-07-23 09:00:09] Successful
----------------------------------------------------------------------------
推送成功，共5条，成功推送5,今日剩余4999987条推送条数----------------------------------------------------------------------------
★[2018-07-23 10:00:11] Successful
----------------------------------------------------------------------------
推送成功，共16条，成功推送16,今日剩余4999953条推送条数----------------------------------------------------------------------------
★[2018-07-23 11:00:17] Successful
----------------------------------------------------------------------------
推送成功，共9条，成功推送9,今日剩余4999940条推送条数----------------------------------------------------------------------------
★[2018-07-23 12:00:09] Successful
----------------------------------------------------------------------------
推送成功，共14条，成功推送14,今日剩余4999926条推送条数----------------------------------------------------------------------------
★[2018-07-23 13:00:08] Successful
----------------------------------------------------------------------------
推送成功，共15条，成功推送15,今日剩余4999906条推送条数----------------------------------------------------------------------------
★[2018-07-23 14:00:08] Successful
----------------------------------------------------------------------------
推送成功，共17条，成功推送17,今日剩余4999883条推送条数----------------------------------------------------------------------------
★[2018-07-23 15:00:10] Successful
----------------------------------------------------------------------------
推送成功，共6条，成功推送6,今日剩余4999876条推送条数----------------------------------------------------------------------------
★[2018-07-23 16:00:12] Successful
----------------------------------------------------------------------------
推送成功，共13条，成功推送13,今日剩余4999859条推送条数----------------------------------------------------------------------------
★[2018-07-23 17:00:11] Successful
----------------------------------------------------------------------------
推送成功，共18条，成功推送18,今日剩余4999836条推送条数----------------------------------------------------------------------------
★[2018-07-23 18:00:12] Successful
----------------------------------------------------------------------------
推送成功，共17条，成功推送17,今日剩余4999819条推送条数----------------------------------------------------------------------------
★[2018-07-23 19:00:09] Successful
----------------------------------------------------------------------------
推送成功，共7条，成功推送7,今日剩余4999812条推送条数----------------------------------------------------------------------------
★[2018-07-23 20:00:09] Successful
----------------------------------------------------------------------------
推送成功，共6条，成功推送6,今日剩余4999806条推送条数----------------------------------------------------------------------------
★[2018-07-23 21:00:09] Successful
----------------------------------------------------------------------------
推送成功，共3条，成功推送3,今日剩余4999803条推送条数----------------------------------------------------------------------------
★[2018-07-23 22:00:10] Successful
----------------------------------------------------------------------------
推送成功，共3条，成功推送3,今日剩余4999800条推送条数----------------------------------------------------------------------------
★[2018-07-23 23:00:10] Successful
----------------------------------------------------------------------------
推送成功，共1条，成功推送1,今日剩余4999999条推送条数----------------------------------------------------------------------------
★[2018-07-24 00:00:09] Successful
----------------------------------------------------------------------------
推送成功，共1条，成功推送1,今日剩余4999998条推送条数----------------------------------------------------------------------------
★[2018-07-24 01:00:08] Successful
----------------------------------------------------------------------------
没有新的链接可供推送----------------------------------------------------------------------------
★[2018-07-24 02:00:08] Successful
----------------------------------------------------------------------------
没有新的链接可供推送----------------------------------------------------------------------------
★[2018-07-24 03:00:03] Successful
----------------------------------------------------------------------------
没有新的链接可供推送----------------------------------------------------------------------------
★[2018-07-24 04:00:02] Successful
----------------------------------------------------------------------------
没有新的链接可供推送----------------------------------------------------------------------------
★[2018-07-24 05:00:06] Successful
----------------------------------------------------------------------------
没有新的链接可供推送----------------------------------------------------------------------------
★[2018-07-24 06:00:03] Successful
----------------------------------------------------------------------------
没有新的链接可供推送----------------------------------------------------------------------------
★[2018-07-24 07:00:02] Successful
----------------------------------------------------------------------------
推送成功，共2条，成功推送2,今日剩余4999996条推送条数----------------------------------------------------------------------------
★[2018-07-24 08:00:03] Successful
----------------------------------------------------------------------------
推送成功，共2条，成功推送2,今日剩余4999994条推送条数----------------------------------------------------------------------------
★[2018-07-24 09:00:10] Successful
----------------------------------------------------------------------------
推送成功，共7条，成功推送7,今日剩余4999976条推送条数----------------------------------------------------------------------------
★[2018-07-24 10:00:09] Successful
----------------------------------------------------------------------------
推送成功，共10条，成功推送10,今日剩余4999932条推送条数----------------------------------------------------------------------------
★[2018-07-24 11:00:10] Successful
----------------------------------------------------------------------------
推送成功，共13条，成功推送13,今日剩余4999919条推送条数----------------------------------------------------------------------------
★[2018-07-24 12:00:13] Successful
----------------------------------------------------------------------------
推送成功，共17条，成功推送17,今日剩余4999902条推送条数----------------------------------------------------------------------------
★[2018-07-24 13:00:10] Successful
----------------------------------------------------------------------------
推送成功，共11条，成功推送11,今日剩余4999886条推送条数----------------------------------------------------------------------------
★[2018-07-24 14:00:10] Successful
----------------------------------------------------------------------------
推送成功，共32条，成功推送32,今日剩余4999851条推送条数----------------------------------------------------------------------------
★[2018-07-24 15:00:10] Successful
----------------------------------------------------------------------------
推送成功，共17条，成功推送17,今日剩余4999624条推送条数----------------------------------------------------------------------------
★[2018-07-24 16:00:10] Successful
----------------------------------------------------------------------------
推送成功，共15条，成功推送15,今日剩余4999406条推送条数----------------------------------------------------------------------------
★[2018-07-24 17:00:10] Successful
----------------------------------------------------------------------------
推送成功，共25条，成功推送25,今日剩余4999377条推送条数----------------------------------------------------------------------------
★[2018-07-24 18:00:10] Successful
----------------------------------------------------------------------------
推送成功，共3条，成功推送3,今日剩余4999373条推送条数----------------------------------------------------------------------------
★[2018-07-24 19:00:10] Successful
----------------------------------------------------------------------------
推送成功，共3条，成功推送3,今日剩余4999370条推送条数----------------------------------------------------------------------------
★[2018-07-24 20:00:08] Successful
----------------------------------------------------------------------------
推送成功，共2条，成功推送2,今日剩余4999368条推送条数----------------------------------------------------------------------------
★[2018-07-24 21:00:09] Successful
----------------------------------------------------------------------------
没有新的链接可供推送----------------------------------------------------------------------------
★[2018-07-24 22:00:08] Successful
----------------------------------------------------------------------------
没有新的链接可供推送----------------------------------------------------------------------------
★[2018-07-24 23:00:08] Successful
----------------------------------------------------------------------------
推送成功，共2条，成功推送2,今日剩余4999998条推送条数----------------------------------------------------------------------------
★[2018-07-25 00:00:09] Successful
----------------------------------------------------------------------------
没有新的链接可供推送----------------------------------------------------------------------------
★[2018-07-25 01:00:07] Successful
----------------------------------------------------------------------------
没有新的链接可供推送----------------------------------------------------------------------------
★[2018-07-25 02:00:02] Successful
----------------------------------------------------------------------------
没有新的链接可供推送----------------------------------------------------------------------------
★[2018-07-25 03:00:03] Successful
----------------------------------------------------------------------------
没有新的链接可供推送----------------------------------------------------------------------------
★[2018-07-25 04:00:02] Successful
----------------------------------------------------------------------------
没有新的链接可供推送----------------------------------------------------------------------------
★[2018-07-25 05:00:02] Successful
----------------------------------------------------------------------------
没有新的链接可供推送----------------------------------------------------------------------------
★[2018-07-25 06:00:02] Successful
----------------------------------------------------------------------------
没有新的链接可供推送----------------------------------------------------------------------------
★[2018-07-25 07:00:03] Successful
----------------------------------------------------------------------------
没有新的链接可供推送----------------------------------------------------------------------------
★[2018-07-25 08:00:02] Successful
----------------------------------------------------------------------------
没有新的链接可供推送----------------------------------------------------------------------------
★[2018-07-25 09:00:07] Successful
----------------------------------------------------------------------------
推送成功，共12条，成功推送12,今日剩余4999968条推送条数----------------------------------------------------------------------------
★[2018-07-25 10:00:08] Successful
----------------------------------------------------------------------------
推送成功，共9条，成功推送9,今日剩余4999946条推送条数----------------------------------------------------------------------------
★[2018-07-25 11:00:10] Successful
----------------------------------------------------------------------------
推送成功，共12条，成功推送12,今日剩余4999910条推送条数----------------------------------------------------------------------------
★[2018-07-25 12:00:10] Successful
----------------------------------------------------------------------------
推送成功，共14条，成功推送14,今日剩余4999896条推送条数----------------------------------------------------------------------------
★[2018-07-25 13:00:11] Successful
----------------------------------------------------------------------------
推送成功，共8条，成功推送8,今日剩余4999882条推送条数----------------------------------------------------------------------------
★[2018-07-25 14:00:09] Successful
----------------------------------------------------------------------------
推送成功，共17条，成功推送17,今日剩余4999846条推送条数----------------------------------------------------------------------------
★[2018-07-25 15:00:10] Successful
----------------------------------------------------------------------------
推送成功，共17条，成功推送17,今日剩余4999813条推送条数----------------------------------------------------------------------------
★[2018-07-25 16:00:13] Successful
----------------------------------------------------------------------------
推送成功，共4条，成功推送4,今日剩余4999790条推送条数----------------------------------------------------------------------------
★[2018-07-25 17:00:11] Successful
----------------------------------------------------------------------------
推送成功，共14条，成功推送14,今日剩余4999744条推送条数----------------------------------------------------------------------------
★[2018-07-25 18:00:12] Successful
----------------------------------------------------------------------------
推送成功，共14条，成功推送14,今日剩余4999725条推送条数----------------------------------------------------------------------------
★[2018-07-25 19:00:11] Successful
----------------------------------------------------------------------------
推送成功，共3条，成功推送3,今日剩余4999721条推送条数----------------------------------------------------------------------------
★[2018-07-25 20:00:10] Successful
----------------------------------------------------------------------------
没有新的链接可供推送----------------------------------------------------------------------------
★[2018-07-25 21:00:10] Successful
----------------------------------------------------------------------------
推送成功，共5条，成功推送5,今日剩余4999716条推送条数----------------------------------------------------------------------------
★[2018-07-25 22:00:10] Successful
----------------------------------------------------------------------------
没有新的链接可供推送----------------------------------------------------------------------------
★[2018-07-25 23:00:10] Successful
----------------------------------------------------------------------------
推送成功，共1条，成功推送1,今日剩余4999999条推送条数----------------------------------------------------------------------------
★[2018-07-26 00:00:09] Successful
----------------------------------------------------------------------------
推送成功，共2条，成功推送2,今日剩余4999997条推送条数----------------------------------------------------------------------------
★[2018-07-26 01:00:09] Successful
----------------------------------------------------------------------------
推送成功，共3条，成功推送3,今日剩余4999994条推送条数----------------------------------------------------------------------------
★[2018-07-26 02:00:10] Successful
----------------------------------------------------------------------------
没有新的链接可供推送----------------------------------------------------------------------------
★[2018-07-26 03:00:08] Successful
----------------------------------------------------------------------------
没有新的链接可供推送----------------------------------------------------------------------------
★[2018-07-26 04:00:02] Successful
----------------------------------------------------------------------------
没有新的链接可供推送----------------------------------------------------------------------------
★[2018-07-26 05:00:02] Successful
----------------------------------------------------------------------------
没有新的链接可供推送----------------------------------------------------------------------------
★[2018-07-26 06:00:02] Successful
----------------------------------------------------------------------------
没有新的链接可供推送----------------------------------------------------------------------------
★[2018-07-26 07:00:02] Successful
----------------------------------------------------------------------------
推送成功，共2条，成功推送2,今日剩余4999992条推送条数----------------------------------------------------------------------------
★[2018-07-26 08:00:04] Successful
----------------------------------------------------------------------------
推送成功，共4条，成功推送4,今日剩余4999988条推送条数----------------------------------------------------------------------------
★[2018-07-26 09:00:08] Successful
----------------------------------------------------------------------------
推送成功，共8条，成功推送8,今日剩余4999969条推送条数----------------------------------------------------------------------------
★[2018-07-26 10:00:10] Successful
----------------------------------------------------------------------------
推送成功，共9条，成功推送9,今日剩余4999899条推送条数----------------------------------------------------------------------------
★[2018-07-26 11:00:12] Successful
----------------------------------------------------------------------------
推送成功，共13条，成功推送13,今日剩余4999877条推送条数----------------------------------------------------------------------------
★[2018-07-26 12:00:10] Successful
----------------------------------------------------------------------------
推送成功，共12条，成功推送12,今日剩余4999865条推送条数----------------------------------------------------------------------------
★[2018-07-26 13:00:10] Successful
----------------------------------------------------------------------------
推送成功，共11条，成功推送11,今日剩余4999825条推送条数----------------------------------------------------------------------------
★[2018-07-26 14:00:09] Successful
----------------------------------------------------------------------------
推送成功，共13条，成功推送13,今日剩余4999805条推送条数----------------------------------------------------------------------------
★[2018-07-26 15:00:12] Successful
----------------------------------------------------------------------------
推送成功，共20条，成功推送20,今日剩余4999766条推送条数----------------------------------------------------------------------------
★[2018-07-26 16:00:11] Successful
----------------------------------------------------------------------------
推送成功，共5条，成功推送5,今日剩余4999721条推送条数----------------------------------------------------------------------------
★[2018-07-26 17:00:11] Successful
----------------------------------------------------------------------------
推送成功，共12条，成功推送12,今日剩余4999673条推送条数----------------------------------------------------------------------------
★[2018-07-26 18:00:08] Successful
----------------------------------------------------------------------------
推送成功，共9条，成功推送9,今日剩余4999664条推送条数----------------------------------------------------------------------------
★[2018-07-26 19:00:08] Successful
----------------------------------------------------------------------------
推送成功，共14条，成功推送14,今日剩余4999650条推送条数----------------------------------------------------------------------------
★[2018-07-26 20:00:08] Successful
----------------------------------------------------------------------------
推送成功，共7条，成功推送7,今日剩余4999643条推送条数----------------------------------------------------------------------------
★[2018-07-26 21:00:08] Successful
----------------------------------------------------------------------------
推送成功，共7条，成功推送7,今日剩余4999636条推送条数----------------------------------------------------------------------------
★[2018-07-26 22:00:08] Successful
----------------------------------------------------------------------------
推送成功，共8条，成功推送8,今日剩余4999628条推送条数----------------------------------------------------------------------------
★[2018-07-26 23:00:07] Successful
----------------------------------------------------------------------------
没有新的链接可供推送----------------------------------------------------------------------------
★[2018-07-27 00:00:07] Successful
----------------------------------------------------------------------------
推送成功，共2条，成功推送2,今日剩余4999998条推送条数----------------------------------------------------------------------------
★[2018-07-27 01:00:07] Successful
----------------------------------------------------------------------------
推送成功，共2条，成功推送2,今日剩余4999996条推送条数----------------------------------------------------------------------------
★[2018-07-27 02:00:08] Successful
----------------------------------------------------------------------------
没有新的链接可供推送----------------------------------------------------------------------------
★[2018-07-27 03:00:07] Successful
----------------------------------------------------------------------------
没有新的链接可供推送----------------------------------------------------------------------------
★[2018-07-27 04:00:02] Successful
----------------------------------------------------------------------------
没有新的链接可供推送----------------------------------------------------------------------------
★[2018-07-27 05:00:02] Successful
----------------------------------------------------------------------------
没有新的链接可供推送----------------------------------------------------------------------------
★[2018-07-27 06:00:02] Successful
----------------------------------------------------------------------------
没有新的链接可供推送----------------------------------------------------------------------------
★[2018-07-27 07:00:02] Successful
----------------------------------------------------------------------------
推送成功，共2条，成功推送2,今日剩余4999994条推送条数----------------------------------------------------------------------------
★[2018-07-27 08:00:02] Successful
----------------------------------------------------------------------------
推送成功，共5条，成功推送5,今日剩余4999989条推送条数----------------------------------------------------------------------------
★[2018-07-27 09:00:07] Successful
----------------------------------------------------------------------------
推送成功，共18条，成功推送18,今日剩余4999957条推送条数----------------------------------------------------------------------------
★[2018-07-27 10:00:08] Successful
----------------------------------------------------------------------------
推送成功，共16条，成功推送16,今日剩余4999914条推送条数----------------------------------------------------------------------------
★[2018-07-27 11:00:08] Successful
----------------------------------------------------------------------------
推送成功，共15条，成功推送15,今日剩余4999899条推送条数----------------------------------------------------------------------------
★[2018-07-27 12:00:09] Successful
----------------------------------------------------------------------------
推送成功，共13条，成功推送13,今日剩余4999886条推送条数----------------------------------------------------------------------------
★[2018-07-27 13:00:08] Successful
----------------------------------------------------------------------------
推送成功，共8条，成功推送8,今日剩余4999823条推送条数----------------------------------------------------------------------------
★[2018-07-27 14:00:07] Successful
----------------------------------------------------------------------------
推送成功，共23条，成功推送23,今日剩余4999777条推送条数----------------------------------------------------------------------------
★[2018-07-27 15:00:08] Successful
----------------------------------------------------------------------------
推送成功，共40条，成功推送40,今日剩余4999711条推送条数----------------------------------------------------------------------------
★[2018-07-27 16:00:11] Successful
----------------------------------------------------------------------------
推送成功，共31条，成功推送31,今日剩余4999465条推送条数----------------------------------------------------------------------------
★[2018-07-27 17:00:10] Successful
----------------------------------------------------------------------------
推送成功，共43条，成功推送43,今日剩余4999400条推送条数----------------------------------------------------------------------------
★[2018-07-27 18:00:07] Successful
----------------------------------------------------------------------------
推送成功，共30条，成功推送30,今日剩余4999369条推送条数----------------------------------------------------------------------------
★[2018-07-27 19:00:08] Successful
----------------------------------------------------------------------------
推送成功，共11条，成功推送11,今日剩余4999358条推送条数----------------------------------------------------------------------------
★[2018-07-27 20:00:07] Successful
----------------------------------------------------------------------------
推送成功，共3条，成功推送3,今日剩余4999355条推送条数----------------------------------------------------------------------------
★[2018-07-27 21:00:07] Successful
----------------------------------------------------------------------------
推送成功，共7条，成功推送7,今日剩余4999348条推送条数----------------------------------------------------------------------------
★[2018-07-27 22:00:08] Successful
----------------------------------------------------------------------------
推送成功，共3条，成功推送3,今日剩余4999345条推送条数----------------------------------------------------------------------------
★[2018-07-27 23:00:08] Successful
----------------------------------------------------------------------------
没有新的链接可供推送----------------------------------------------------------------------------
★[2018-07-28 00:00:07] Successful
----------------------------------------------------------------------------
推送成功，共1条，成功推送1,今日剩余4999999条推送条数----------------------------------------------------------------------------
★[2018-07-28 01:00:08] Successful
----------------------------------------------------------------------------
没有新的链接可供推送----------------------------------------------------------------------------
★[2018-07-28 02:00:07] Successful
----------------------------------------------------------------------------
没有新的链接可供推送----------------------------------------------------------------------------
★[2018-07-28 03:00:03] Successful
----------------------------------------------------------------------------
没有新的链接可供推送----------------------------------------------------------------------------
★[2018-07-28 04:00:02] Successful
----------------------------------------------------------------------------
没有新的链接可供推送----------------------------------------------------------------------------
★[2018-07-28 05:00:02] Successful
----------------------------------------------------------------------------
没有新的链接可供推送----------------------------------------------------------------------------
★[2018-07-28 06:00:02] Successful
----------------------------------------------------------------------------
没有新的链接可供推送----------------------------------------------------------------------------
★[2018-07-28 07:00:02] Successful
----------------------------------------------------------------------------
推送成功，共8条，成功推送8,今日剩余4999991条推送条数----------------------------------------------------------------------------
★[2018-07-28 08:00:03] Successful
----------------------------------------------------------------------------
推送成功，共10条，成功推送10,今日剩余4999981条推送条数----------------------------------------------------------------------------
★[2018-07-28 09:00:07] Successful
----------------------------------------------------------------------------
推送成功，共10条，成功推送10,今日剩余4999971条推送条数----------------------------------------------------------------------------
★[2018-07-28 10:00:08] Successful
----------------------------------------------------------------------------
推送成功，共4条，成功推送4,今日剩余4999967条推送条数----------------------------------------------------------------------------
★[2018-07-28 11:00:08] Successful
----------------------------------------------------------------------------
推送成功，共1条，成功推送1,今日剩余4999966条推送条数----------------------------------------------------------------------------
★[2018-07-28 12:00:08] Successful
----------------------------------------------------------------------------
没有新的链接可供推送----------------------------------------------------------------------------
★[2018-07-28 13:00:08] Successful
----------------------------------------------------------------------------
推送成功，共2条，成功推送2,今日剩余4999964条推送条数----------------------------------------------------------------------------
★[2018-07-28 14:00:07] Successful
----------------------------------------------------------------------------
推送成功，共4条，成功推送4,今日剩余4999960条推送条数----------------------------------------------------------------------------
★[2018-07-28 15:00:07] Successful
----------------------------------------------------------------------------
推送成功，共2条，成功推送2,今日剩余4999958条推送条数----------------------------------------------------------------------------
★[2018-07-28 16:00:07] Successful
----------------------------------------------------------------------------
推送成功，共8条，成功推送8,今日剩余4999950条推送条数----------------------------------------------------------------------------
★[2018-07-28 17:00:08] Successful
----------------------------------------------------------------------------
推送成功，共1条，成功推送1,今日剩余4999949条推送条数----------------------------------------------------------------------------
★[2018-07-28 18:00:08] Successful
----------------------------------------------------------------------------
推送成功，共4条，成功推送4,今日剩余4999945条推送条数----------------------------------------------------------------------------
★[2018-07-28 19:00:07] Successful
----------------------------------------------------------------------------
推送成功，共6条，成功推送6,今日剩余4999939条推送条数----------------------------------------------------------------------------
★[2018-07-28 20:00:07] Successful
----------------------------------------------------------------------------
推送成功，共2条，成功推送2,今日剩余4999937条推送条数----------------------------------------------------------------------------
★[2018-07-28 21:00:09] Successful
----------------------------------------------------------------------------
没有新的链接可供推送----------------------------------------------------------------------------
★[2018-07-28 22:00:08] Successful
----------------------------------------------------------------------------
没有新的链接可供推送----------------------------------------------------------------------------
★[2018-07-28 23:00:08] Successful
----------------------------------------------------------------------------
推送成功，共5条，成功推送5,今日剩余4999995条推送条数----------------------------------------------------------------------------
★[2018-07-29 00:00:08] Successful
----------------------------------------------------------------------------
没有新的链接可供推送----------------------------------------------------------------------------
★[2018-07-29 01:00:07] Successful
----------------------------------------------------------------------------
没有新的链接可供推送----------------------------------------------------------------------------
★[2018-07-29 02:00:07] Successful
----------------------------------------------------------------------------
推送成功，共5条，成功推送5,今日剩余4999990条推送条数----------------------------------------------------------------------------
★[2018-07-29 03:00:02] Successful
----------------------------------------------------------------------------
没有新的链接可供推送----------------------------------------------------------------------------
★[2018-07-29 04:00:06] Successful
----------------------------------------------------------------------------
没有新的链接可供推送----------------------------------------------------------------------------
★[2018-07-29 05:00:02] Successful
----------------------------------------------------------------------------
没有新的链接可供推送----------------------------------------------------------------------------
★[2018-07-29 06:00:02] Successful
----------------------------------------------------------------------------
没有新的链接可供推送----------------------------------------------------------------------------
★[2018-07-29 07:00:02] Successful
----------------------------------------------------------------------------
没有新的链接可供推送----------------------------------------------------------------------------
★[2018-07-29 08:00:02] Successful
----------------------------------------------------------------------------
没有新的链接可供推送----------------------------------------------------------------------------
★[2018-07-29 09:00:02] Successful
----------------------------------------------------------------------------
推送成功，共5条，成功推送5,今日剩余4999985条推送条数----------------------------------------------------------------------------
★[2018-07-29 10:00:08] Successful
----------------------------------------------------------------------------
推送成功，共2条，成功推送2,今日剩余4999983条推送条数----------------------------------------------------------------------------
★[2018-07-29 11:00:07] Successful
----------------------------------------------------------------------------
推送成功，共6条，成功推送6,今日剩余4999977条推送条数----------------------------------------------------------------------------
★[2018-07-29 12:00:08] Successful
----------------------------------------------------------------------------
推送成功，共3条，成功推送3,今日剩余4999974条推送条数----------------------------------------------------------------------------
★[2018-07-29 13:00:08] Successful
----------------------------------------------------------------------------
没有新的链接可供推送----------------------------------------------------------------------------
★[2018-07-29 14:00:07] Successful
----------------------------------------------------------------------------
推送成功，共4条，成功推送4,今日剩余4999970条推送条数----------------------------------------------------------------------------
★[2018-07-29 15:00:08] Successful
----------------------------------------------------------------------------
没有新的链接可供推送----------------------------------------------------------------------------
★[2018-07-29 16:00:07] Successful
----------------------------------------------------------------------------
推送成功，共1条，成功推送1,今日剩余4999969条推送条数----------------------------------------------------------------------------
★[2018-07-29 17:00:13] Successful
----------------------------------------------------------------------------
推送成功，共11条，成功推送11,今日剩余4999958条推送条数----------------------------------------------------------------------------
★[2018-07-29 18:00:08] Successful
----------------------------------------------------------------------------
没有新的链接可供推送----------------------------------------------------------------------------
★[2018-07-29 19:00:10] Successful
----------------------------------------------------------------------------
推送成功，共2条，成功推送2,今日剩余4999956条推送条数----------------------------------------------------------------------------
★[2018-07-29 20:00:08] Successful
----------------------------------------------------------------------------
推送成功，共2条，成功推送2,今日剩余4999954条推送条数----------------------------------------------------------------------------
★[2018-07-29 21:00:10] Successful
----------------------------------------------------------------------------
推送成功，共1条，成功推送1,今日剩余4999953条推送条数----------------------------------------------------------------------------
★[2018-07-29 22:00:09] Successful
----------------------------------------------------------------------------
没有新的链接可供推送----------------------------------------------------------------------------
★[2018-07-29 23:00:08] Successful
----------------------------------------------------------------------------
推送成功，共2条，成功推送2,今日剩余4999998条推送条数----------------------------------------------------------------------------
★[2018-07-30 00:00:08] Successful
----------------------------------------------------------------------------
推送成功，共1条，成功推送1,今日剩余4999997条推送条数----------------------------------------------------------------------------
★[2018-07-30 01:00:08] Successful
----------------------------------------------------------------------------
没有新的链接可供推送----------------------------------------------------------------------------
★[2018-07-30 02:00:07] Successful
----------------------------------------------------------------------------
没有新的链接可供推送----------------------------------------------------------------------------
★[2018-07-30 03:00:02] Successful
----------------------------------------------------------------------------
没有新的链接可供推送----------------------------------------------------------------------------
★[2018-07-30 04:00:02] Successful
----------------------------------------------------------------------------
没有新的链接可供推送----------------------------------------------------------------------------
★[2018-07-30 05:00:02] Successful
----------------------------------------------------------------------------
没有新的链接可供推送----------------------------------------------------------------------------
★[2018-07-30 06:00:02] Successful
----------------------------------------------------------------------------
没有新的链接可供推送----------------------------------------------------------------------------
★[2018-07-30 07:00:02] Successful
----------------------------------------------------------------------------
没有新的链接可供推送----------------------------------------------------------------------------
★[2018-07-30 08:00:02] Successful
----------------------------------------------------------------------------
没有新的链接可供推送----------------------------------------------------------------------------
★[2018-07-30 09:00:02] Successful
----------------------------------------------------------------------------
推送成功，共8条，成功推送8,今日剩余4999972条推送条数----------------------------------------------------------------------------
★[2018-07-30 10:00:09] Successful
----------------------------------------------------------------------------
推送成功，共26条，成功推送26,今日剩余4999932条推送条数----------------------------------------------------------------------------
★[2018-07-30 11:00:10] Successful
----------------------------------------------------------------------------
推送成功，共8条，成功推送8,今日剩余4999734条推送条数----------------------------------------------------------------------------
★[2018-07-30 12:00:08] Successful
----------------------------------------------------------------------------
推送成功，共4条，成功推送4,今日剩余4999728条推送条数----------------------------------------------------------------------------
★[2018-07-30 13:00:08] Successful
----------------------------------------------------------------------------
推送成功，共10条，成功推送10,今日剩余4999704条推送条数----------------------------------------------------------------------------
★[2018-07-30 14:00:08] Successful
----------------------------------------------------------------------------
推送成功，共13条，成功推送13,今日剩余4999679条推送条数----------------------------------------------------------------------------
★[2018-07-30 15:00:10] Successful
----------------------------------------------------------------------------
推送成功，共15条，成功推送15,今日剩余4999657条推送条数----------------------------------------------------------------------------
★[2018-07-30 16:00:09] Successful
----------------------------------------------------------------------------
推送成功，共11条，成功推送11,今日剩余4999590条推送条数----------------------------------------------------------------------------
★[2018-07-30 17:00:10] Successful
----------------------------------------------------------------------------
推送成功，共33条，成功推送33,今日剩余4999508条推送条数----------------------------------------------------------------------------
★[2018-07-30 18:00:09] Successful
----------------------------------------------------------------------------
推送成功，共10条，成功推送10,今日剩余4999479条推送条数----------------------------------------------------------------------------
★[2018-07-30 19:00:08] Successful
----------------------------------------------------------------------------
推送成功，共8条，成功推送8,今日剩余4999471条推送条数----------------------------------------------------------------------------
★[2018-07-30 20:00:09] Successful
----------------------------------------------------------------------------
推送成功，共2条，成功推送2,今日剩余4999469条推送条数----------------------------------------------------------------------------
★[2018-07-30 21:00:09] Successful
----------------------------------------------------------------------------
推送成功，共2条，成功推送2,今日剩余4999467条推送条数----------------------------------------------------------------------------
★[2018-07-30 22:00:08] Successful
----------------------------------------------------------------------------
推送成功，共4条，成功推送4,今日剩余4999463条推送条数----------------------------------------------------------------------------
★[2018-07-30 23:00:08] Successful
----------------------------------------------------------------------------
推送成功，共1条，成功推送1,今日剩余4999999条推送条数----------------------------------------------------------------------------
★[2018-07-31 00:00:09] Successful
----------------------------------------------------------------------------
推送成功，共3条，成功推送3,今日剩余4999996条推送条数----------------------------------------------------------------------------
★[2018-07-31 01:00:08] Successful
----------------------------------------------------------------------------
推送成功，共5条，成功推送5,今日剩余4999991条推送条数----------------------------------------------------------------------------
★[2018-07-31 02:00:09] Successful
----------------------------------------------------------------------------
没有新的链接可供推送----------------------------------------------------------------------------
★[2018-07-31 03:00:08] Successful
----------------------------------------------------------------------------
没有新的链接可供推送----------------------------------------------------------------------------
★[2018-07-31 04:00:02] Successful
----------------------------------------------------------------------------
没有新的链接可供推送----------------------------------------------------------------------------
★[2018-07-31 05:00:02] Successful
----------------------------------------------------------------------------
没有新的链接可供推送----------------------------------------------------------------------------
★[2018-07-31 06:00:02] Successful
----------------------------------------------------------------------------
没有新的链接可供推送----------------------------------------------------------------------------
★[2018-07-31 07:00:03] Successful
----------------------------------------------------------------------------
没有新的链接可供推送----------------------------------------------------------------------------
★[2018-07-31 08:00:02] Successful
----------------------------------------------------------------------------
推送成功，共6条，成功推送6,今日剩余4999985条推送条数----------------------------------------------------------------------------
★[2018-07-31 09:00:03] Successful
----------------------------------------------------------------------------
推送成功，共10条，成功推送10,今日剩余4999955条推送条数----------------------------------------------------------------------------
★[2018-07-31 10:00:09] Successful
----------------------------------------------------------------------------
推送成功，共11条，成功推送11,今日剩余4999939条推送条数----------------------------------------------------------------------------
★[2018-07-31 11:00:09] Successful
----------------------------------------------------------------------------
推送成功，共11条，成功推送11,今日剩余4999891条推送条数----------------------------------------------------------------------------
★[2018-07-31 12:00:09] Successful
----------------------------------------------------------------------------
推送成功，共11条，成功推送11,今日剩余4999880条推送条数----------------------------------------------------------------------------
★[2018-07-31 13:00:10] Successful
----------------------------------------------------------------------------
推送成功，共11条，成功推送11,今日剩余4999868条推送条数----------------------------------------------------------------------------
★[2018-07-31 14:00:08] Successful
----------------------------------------------------------------------------
推送成功，共19条，成功推送19,今日剩余4999849条推送条数----------------------------------------------------------------------------
★[2018-07-31 15:00:09] Successful
----------------------------------------------------------------------------
推送成功，共26条，成功推送26,今日剩余4999814条推送条数----------------------------------------------------------------------------
★[2018-07-31 16:00:10] Successful
----------------------------------------------------------------------------
推送成功，共11条，成功推送11,今日剩余4999741条推送条数----------------------------------------------------------------------------
★[2018-07-31 17:00:09] Successful
----------------------------------------------------------------------------
推送成功，共14条，成功推送14,今日剩余4999698条推送条数----------------------------------------------------------------------------
★[2018-07-31 18:00:09] Successful
----------------------------------------------------------------------------
推送成功，共8条，成功推送8,今日剩余4999685条推送条数----------------------------------------------------------------------------
★[2018-07-31 19:00:08] Successful
----------------------------------------------------------------------------
推送成功，共2条，成功推送2,今日剩余4999683条推送条数----------------------------------------------------------------------------
★[2018-07-31 20:00:09] Successful
----------------------------------------------------------------------------
推送成功，共1条，成功推送1,今日剩余4999682条推送条数----------------------------------------------------------------------------
★[2018-07-31 21:00:09] Successful
----------------------------------------------------------------------------
推送成功，共6条，成功推送6,今日剩余4999676条推送条数----------------------------------------------------------------------------
★[2018-07-31 22:00:09] Successful
----------------------------------------------------------------------------
没有新的链接可供推送----------------------------------------------------------------------------
★[2018-07-31 23:00:08] Successful
----------------------------------------------------------------------------
推送成功，共1条，成功推送1,今日剩余4999999条推送条数----------------------------------------------------------------------------
★[2018-08-01 00:00:08] Successful
----------------------------------------------------------------------------
没有新的链接可供推送----------------------------------------------------------------------------
★[2018-08-01 01:00:07] Successful
----------------------------------------------------------------------------
没有新的链接可供推送----------------------------------------------------------------------------
★[2018-08-01 02:00:04] Successful
----------------------------------------------------------------------------
没有新的链接可供推送----------------------------------------------------------------------------
★[2018-08-01 03:00:03] Successful
----------------------------------------------------------------------------
没有新的链接可供推送----------------------------------------------------------------------------
★[2018-08-01 04:00:02] Successful
----------------------------------------------------------------------------
没有新的链接可供推送----------------------------------------------------------------------------
★[2018-08-01 05:00:03] Successful
----------------------------------------------------------------------------
没有新的链接可供推送----------------------------------------------------------------------------
★[2018-08-01 06:00:02] Successful
----------------------------------------------------------------------------
没有新的链接可供推送----------------------------------------------------------------------------
★[2018-08-01 07:00:07] Successful
----------------------------------------------------------------------------
推送成功，共1条，成功推送1,今日剩余4999998条推送条数----------------------------------------------------------------------------
★[2018-08-01 08:00:03] Successful
----------------------------------------------------------------------------
推送成功，共8条，成功推送8,今日剩余4999989条推送条数----------------------------------------------------------------------------
★[2018-08-01 09:00:10] Successful
----------------------------------------------------------------------------
推送成功，共16条，成功推送16,今日剩余4999958条推送条数----------------------------------------------------------------------------
★[2018-08-01 10:00:14] Successful
----------------------------------------------------------------------------
推送成功，共8条，成功推送8,今日剩余4999947条推送条数----------------------------------------------------------------------------
★[2018-08-01 11:00:28] Successful
----------------------------------------------------------------------------
推送成功，共16条，成功推送16,今日剩余4999926条推送条数----------------------------------------------------------------------------
★[2018-08-01 12:00:12] Successful
----------------------------------------------------------------------------
推送成功，共9条，成功推送9,今日剩余4999917条推送条数----------------------------------------------------------------------------
★[2018-08-01 13:00:10] Successful
----------------------------------------------------------------------------
推送成功，共7条，成功推送7,今日剩余4999908条推送条数----------------------------------------------------------------------------
★[2018-08-01 14:00:15] Successful
----------------------------------------------------------------------------
推送成功，共7条，成功推送7,今日剩余4999900条推送条数----------------------------------------------------------------------------
★[2018-08-01 15:00:10] Successful
----------------------------------------------------------------------------
推送成功，共11条，成功推送11,今日剩余4999851条推送条数----------------------------------------------------------------------------
★[2018-08-01 16:00:11] Successful
----------------------------------------------------------------------------
推送成功，共27条，成功推送27,今日剩余4999790条推送条数----------------------------------------------------------------------------
★[2018-08-01 17:00:10] Successful
----------------------------------------------------------------------------
推送成功，共3条，成功推送3,今日剩余4999763条推送条数----------------------------------------------------------------------------
★[2018-08-01 18:00:11] Successful
----------------------------------------------------------------------------
推送成功，共2条，成功推送2,今日剩余4999761条推送条数----------------------------------------------------------------------------
★[2018-08-01 19:00:09] Successful
----------------------------------------------------------------------------
没有新的链接可供推送----------------------------------------------------------------------------
★[2018-08-01 20:00:10] Successful
----------------------------------------------------------------------------
没有新的链接可供推送----------------------------------------------------------------------------
★[2018-08-01 21:00:08] Successful
----------------------------------------------------------------------------
推送成功，共1条，成功推送1,今日剩余4999759条推送条数----------------------------------------------------------------------------
★[2018-08-01 22:00:09] Successful
----------------------------------------------------------------------------
没有新的链接可供推送----------------------------------------------------------------------------
★[2018-08-01 23:00:08] Successful
----------------------------------------------------------------------------
推送成功，共4条，成功推送4,今日剩余4999996条推送条数----------------------------------------------------------------------------
★[2018-08-02 00:00:08] Successful
----------------------------------------------------------------------------
推送成功，共1条，成功推送1,今日剩余4999995条推送条数----------------------------------------------------------------------------
★[2018-08-02 01:00:08] Successful
----------------------------------------------------------------------------
推送成功，共1条，成功推送1,今日剩余4999994条推送条数----------------------------------------------------------------------------
★[2018-08-02 02:00:08] Successful
----------------------------------------------------------------------------
没有新的链接可供推送----------------------------------------------------------------------------
★[2018-08-02 03:00:10] Successful
----------------------------------------------------------------------------
没有新的链接可供推送----------------------------------------------------------------------------
★[2018-08-02 04:00:02] Successful
----------------------------------------------------------------------------
没有新的链接可供推送----------------------------------------------------------------------------
★[2018-08-02 05:00:02] Successful
----------------------------------------------------------------------------
没有新的链接可供推送----------------------------------------------------------------------------
★[2018-08-02 06:00:02] Successful
----------------------------------------------------------------------------
没有新的链接可供推送----------------------------------------------------------------------------
★[2018-08-02 07:00:02] Successful
----------------------------------------------------------------------------
没有新的链接可供推送----------------------------------------------------------------------------
★[2018-08-02 08:00:03] Successful
----------------------------------------------------------------------------
推送成功，共9条，成功推送9,今日剩余4999991条推送条数----------------------------------------------------------------------------
★[2018-08-02 09:00:09] Successful
----------------------------------------------------------------------------
推送成功，共14条，成功推送14,今日剩余4999962条推送条数----------------------------------------------------------------------------
★[2018-08-02 10:00:10] Successful
----------------------------------------------------------------------------
推送成功，共8条，成功推送8,今日剩余4999918条推送条数----------------------------------------------------------------------------
★[2018-08-02 11:00:11] Successful
----------------------------------------------------------------------------
推送成功，共13条，成功推送13,今日剩余4999883条推送条数----------------------------------------------------------------------------
★[2018-08-02 12:00:10] Successful
----------------------------------------------------------------------------
推送成功，共1条，成功推送1,今日剩余4999882条推送条数----------------------------------------------------------------------------
★[2018-08-02 13:00:10] Successful
----------------------------------------------------------------------------
没有新的链接可供推送----------------------------------------------------------------------------
★[2018-08-02 14:00:08] Successful
----------------------------------------------------------------------------
推送成功，共12条，成功推送12,今日剩余4999776条推送条数----------------------------------------------------------------------------
★[2018-08-02 15:00:11] Successful
----------------------------------------------------------------------------
推送成功，共9条，成功推送9,今日剩余4999735条推送条数----------------------------------------------------------------------------
★[2018-08-02 16:00:10] Successful
----------------------------------------------------------------------------
推送成功，共10条，成功推送10,今日剩余4999673条推送条数----------------------------------------------------------------------------
★[2018-08-02 17:00:10] Successful
----------------------------------------------------------------------------
推送成功，共5条，成功推送5,今日剩余4999589条推送条数----------------------------------------------------------------------------
★[2018-08-02 18:00:09] Successful
----------------------------------------------------------------------------
没有新的链接可供推送----------------------------------------------------------------------------
★[2018-08-02 19:00:11] Successful
----------------------------------------------------------------------------
推送成功，共4条，成功推送4,今日剩余4999568条推送条数----------------------------------------------------------------------------
★[2018-08-02 20:00:09] Successful
----------------------------------------------------------------------------
推送成功，共7条，成功推送7,今日剩余4999561条推送条数----------------------------------------------------------------------------
★[2018-08-02 21:00:09] Successful
----------------------------------------------------------------------------
推送成功，共4条，成功推送4,今日剩余4999557条推送条数----------------------------------------------------------------------------
★[2018-08-02 22:00:08] Successful
----------------------------------------------------------------------------
推送成功，共1条，成功推送1,今日剩余4999556条推送条数----------------------------------------------------------------------------
★[2018-08-02 23:00:09] Successful
----------------------------------------------------------------------------
推送成功，共1条，成功推送1,今日剩余4999999条推送条数----------------------------------------------------------------------------
★[2018-08-03 00:00:08] Successful
----------------------------------------------------------------------------
推送成功，共4条，成功推送4,今日剩余4999995条推送条数----------------------------------------------------------------------------
★[2018-08-03 01:00:08] Successful
----------------------------------------------------------------------------
没有新的链接可供推送----------------------------------------------------------------------------
★[2018-08-03 02:00:08] Successful
----------------------------------------------------------------------------
没有新的链接可供推送----------------------------------------------------------------------------
★[2018-08-03 03:00:02] Successful
----------------------------------------------------------------------------
没有新的链接可供推送----------------------------------------------------------------------------
★[2018-08-03 04:00:02] Successful
----------------------------------------------------------------------------
没有新的链接可供推送----------------------------------------------------------------------------
★[2018-08-03 05:00:02] Successful
----------------------------------------------------------------------------
没有新的链接可供推送----------------------------------------------------------------------------
★[2018-08-03 06:00:02] Successful
----------------------------------------------------------------------------
没有新的链接可供推送----------------------------------------------------------------------------
★[2018-08-03 07:00:02] Successful
----------------------------------------------------------------------------
推送成功，共5条，成功推送5,今日剩余4999990条推送条数----------------------------------------------------------------------------
★[2018-08-03 08:00:02] Successful
----------------------------------------------------------------------------
推送成功，共4条，成功推送4,今日剩余4999985条推送条数----------------------------------------------------------------------------
★[2018-08-03 09:00:09] Successful
----------------------------------------------------------------------------
推送成功，共3条，成功推送3,今日剩余4999965条推送条数----------------------------------------------------------------------------
★[2018-08-03 10:00:10] Successful
----------------------------------------------------------------------------
推送成功，共9条，成功推送9,今日剩余4999935条推送条数----------------------------------------------------------------------------
★[2018-08-03 11:00:09] Successful
----------------------------------------------------------------------------
推送成功，共10条，成功推送10,今日剩余4999897条推送条数----------------------------------------------------------------------------
★[2018-08-03 12:00:09] Successful
----------------------------------------------------------------------------
推送成功，共3条，成功推送3,今日剩余4999894条推送条数----------------------------------------------------------------------------
★[2018-08-03 13:00:09] Successful
----------------------------------------------------------------------------
推送成功，共4条，成功推送4,今日剩余4999996条推送条数----------------------------------------------------------------------------
★[2018-08-03 14:00:09] Successful
----------------------------------------------------------------------------
推送成功，共10条，成功推送10,今日剩余4999861条推送条数----------------------------------------------------------------------------
★[2018-08-03 15:00:10] Successful
----------------------------------------------------------------------------
推送成功，共7条，成功推送7,今日剩余4999852条推送条数----------------------------------------------------------------------------
★[2018-08-03 16:00:10] Successful
----------------------------------------------------------------------------
推送成功，共8条，成功推送8,今日剩余4999812条推送条数----------------------------------------------------------------------------
★[2018-08-03 17:00:10] Successful
----------------------------------------------------------------------------
推送成功，共4条，成功推送4,今日剩余4999992条推送条数----------------------------------------------------------------------------
★[2018-08-03 18:00:09] Successful
----------------------------------------------------------------------------
推送成功，共3条，成功推送3,今日剩余4999780条推送条数----------------------------------------------------------------------------
★[2018-08-03 19:00:10] Successful
----------------------------------------------------------------------------
推送成功，共2条，成功推送2,今日剩余4999778条推送条数----------------------------------------------------------------------------
★[2018-08-03 20:00:09] Successful
----------------------------------------------------------------------------
推送成功，共2条，成功推送2,今日剩余4999776条推送条数----------------------------------------------------------------------------
★[2018-08-03 21:00:09] Successful
----------------------------------------------------------------------------
没有新的链接可供推送----------------------------------------------------------------------------
★[2018-08-03 22:00:09] Successful
----------------------------------------------------------------------------
推送成功，共2条，成功推送2,今日剩余4999774条推送条数----------------------------------------------------------------------------
★[2018-08-03 23:00:09] Successful
----------------------------------------------------------------------------
没有新的链接可供推送----------------------------------------------------------------------------
★[2018-08-04 00:00:10] Successful
----------------------------------------------------------------------------
没有新的链接可供推送----------------------------------------------------------------------------
★[2018-08-04 01:00:03] Successful
----------------------------------------------------------------------------
没有新的链接可供推送----------------------------------------------------------------------------
★[2018-08-04 02:00:02] Successful
----------------------------------------------------------------------------
没有新的链接可供推送----------------------------------------------------------------------------
★[2018-08-04 03:00:02] Successful
----------------------------------------------------------------------------
没有新的链接可供推送----------------------------------------------------------------------------
★[2018-08-04 04:00:02] Successful
----------------------------------------------------------------------------
没有新的链接可供推送----------------------------------------------------------------------------
★[2018-08-04 05:00:02] Successful
----------------------------------------------------------------------------
没有新的链接可供推送----------------------------------------------------------------------------
★[2018-08-04 06:00:02] Successful
----------------------------------------------------------------------------
没有新的链接可供推送----------------------------------------------------------------------------
★[2018-08-04 07:00:02] Successful
----------------------------------------------------------------------------
没有新的链接可供推送----------------------------------------------------------------------------
★[2018-08-04 08:00:02] Successful
----------------------------------------------------------------------------
没有新的链接可供推送----------------------------------------------------------------------------
★[2018-08-04 09:00:09] Successful
----------------------------------------------------------------------------
推送成功，共3条，成功推送3,今日剩余4999997条推送条数----------------------------------------------------------------------------
★[2018-08-04 10:00:09] Successful
----------------------------------------------------------------------------
推送成功，共2条，成功推送2,今日剩余4999995条推送条数----------------------------------------------------------------------------
★[2018-08-04 11:00:09] Successful
----------------------------------------------------------------------------
推送成功，共3条，成功推送3,今日剩余4999992条推送条数----------------------------------------------------------------------------
★[2018-08-04 12:00:09] Successful
----------------------------------------------------------------------------
没有新的链接可供推送----------------------------------------------------------------------------
★[2018-08-04 13:00:08] Successful
----------------------------------------------------------------------------
推送成功，共2条，成功推送2,今日剩余4999990条推送条数----------------------------------------------------------------------------
★[2018-08-04 14:00:09] Successful
----------------------------------------------------------------------------
推送成功，共4条，成功推送4,今日剩余4999986条推送条数----------------------------------------------------------------------------
★[2018-08-04 15:00:09] Successful
----------------------------------------------------------------------------
推送成功，共2条，成功推送2,今日剩余4999984条推送条数----------------------------------------------------------------------------
★[2018-08-04 16:00:09] Successful
----------------------------------------------------------------------------
没有新的链接可供推送----------------------------------------------------------------------------
★[2018-08-04 17:00:09] Successful
----------------------------------------------------------------------------
没有新的链接可供推送----------------------------------------------------------------------------
★[2018-08-04 18:00:09] Successful
----------------------------------------------------------------------------
推送成功，共1条，成功推送1,今日剩余4999983条推送条数----------------------------------------------------------------------------
★[2018-08-04 19:00:09] Successful
----------------------------------------------------------------------------
没有新的链接可供推送----------------------------------------------------------------------------
★[2018-08-04 20:00:09] Successful
----------------------------------------------------------------------------
推送成功，共1条，成功推送1,今日剩余4999982条推送条数----------------------------------------------------------------------------
★[2018-08-04 21:00:09] Successful
----------------------------------------------------------------------------
没有新的链接可供推送----------------------------------------------------------------------------
★[2018-08-04 22:00:09] Successful
----------------------------------------------------------------------------
推送成功，共2条，成功推送2,今日剩余4999980条推送条数----------------------------------------------------------------------------
★[2018-08-04 23:00:03] Successful
----------------------------------------------------------------------------
推送成功，共1条，成功推送1,今日剩余4999999条推送条数----------------------------------------------------------------------------
★[2018-08-05 00:00:09] Successful
----------------------------------------------------------------------------
推送成功，共2条，成功推送2,今日剩余4999997条推送条数----------------------------------------------------------------------------
★[2018-08-05 01:00:08] Successful
----------------------------------------------------------------------------
没有新的链接可供推送----------------------------------------------------------------------------
★[2018-08-05 02:00:08] Successful
----------------------------------------------------------------------------
推送成功，共1条，成功推送1,今日剩余4999996条推送条数----------------------------------------------------------------------------
★[2018-08-05 03:00:03] Successful
----------------------------------------------------------------------------
没有新的链接可供推送----------------------------------------------------------------------------
★[2018-08-05 04:00:08] Successful
----------------------------------------------------------------------------
没有新的链接可供推送----------------------------------------------------------------------------
★[2018-08-05 05:00:02] Successful
----------------------------------------------------------------------------
没有新的链接可供推送----------------------------------------------------------------------------
★[2018-08-05 06:00:02] Successful
----------------------------------------------------------------------------
没有新的链接可供推送----------------------------------------------------------------------------
★[2018-08-05 07:00:02] Successful
----------------------------------------------------------------------------
没有新的链接可供推送----------------------------------------------------------------------------
★[2018-08-05 08:00:02] Successful
----------------------------------------------------------------------------
没有新的链接可供推送----------------------------------------------------------------------------
★[2018-08-05 09:00:03] Successful
----------------------------------------------------------------------------
没有新的链接可供推送----------------------------------------------------------------------------
★[2018-08-05 10:00:08] Successful
----------------------------------------------------------------------------
没有新的链接可供推送----------------------------------------------------------------------------
★[2018-08-05 11:00:09] Successful
----------------------------------------------------------------------------
推送成功，共1条，成功推送1,今日剩余4999995条推送条数----------------------------------------------------------------------------
★[2018-08-05 12:00:09] Successful
----------------------------------------------------------------------------
没有新的链接可供推送----------------------------------------------------------------------------
★[2018-08-05 13:00:09] Successful
----------------------------------------------------------------------------
没有新的链接可供推送----------------------------------------------------------------------------
★[2018-08-05 14:00:08] Successful
----------------------------------------------------------------------------
推送成功，共1条，成功推送1,今日剩余4999994条推送条数----------------------------------------------------------------------------
★[2018-08-05 15:00:09] Successful
----------------------------------------------------------------------------
没有新的链接可供推送----------------------------------------------------------------------------
★[2018-08-05 16:00:08] Successful
----------------------------------------------------------------------------
没有新的链接可供推送----------------------------------------------------------------------------
★[2018-08-05 17:00:09] Successful
----------------------------------------------------------------------------
没有新的链接可供推送----------------------------------------------------------------------------
★[2018-08-05 18:00:09] Successful
----------------------------------------------------------------------------
推送成功，共1条，成功推送1,今日剩余4999999条推送条数----------------------------------------------------------------------------
★[2018-08-05 19:00:08] Successful
----------------------------------------------------------------------------
没有新的链接可供推送----------------------------------------------------------------------------
★[2018-08-05 20:00:10] Successful
----------------------------------------------------------------------------
推送成功，共1条，成功推送1,今日剩余4999993条推送条数----------------------------------------------------------------------------
★[2018-08-05 21:00:04] Successful
----------------------------------------------------------------------------
推送成功，共4条，成功推送4,今日剩余4999989条推送条数----------------------------------------------------------------------------
★[2018-08-05 22:00:09] Successful
----------------------------------------------------------------------------
推送成功，共12条，成功推送12,今日剩余4999977条推送条数----------------------------------------------------------------------------
★[2018-08-05 23:00:09] Successful
----------------------------------------------------------------------------
推送成功，共5条，成功推送5,今日剩余4999995条推送条数----------------------------------------------------------------------------
★[2018-08-06 00:00:08] Successful
----------------------------------------------------------------------------
没有新的链接可供推送----------------------------------------------------------------------------
★[2018-08-06 01:00:08] Successful
----------------------------------------------------------------------------
没有新的链接可供推送----------------------------------------------------------------------------
★[2018-08-06 02:00:02] Successful
----------------------------------------------------------------------------
没有新的链接可供推送----------------------------------------------------------------------------
★[2018-08-06 03:00:03] Successful
----------------------------------------------------------------------------
没有新的链接可供推送----------------------------------------------------------------------------
★[2018-08-06 04:00:02] Successful
----------------------------------------------------------------------------
没有新的链接可供推送----------------------------------------------------------------------------
★[2018-08-06 05:00:02] Successful
----------------------------------------------------------------------------
没有新的链接可供推送----------------------------------------------------------------------------
★[2018-08-06 06:00:02] Successful
----------------------------------------------------------------------------
没有新的链接可供推送----------------------------------------------------------------------------
★[2018-08-06 07:00:02] Successful
----------------------------------------------------------------------------
推送成功，共1条，成功推送1,今日剩余4999994条推送条数----------------------------------------------------------------------------
★[2018-08-06 08:00:02] Successful
----------------------------------------------------------------------------
推送成功，共1条，成功推送1,今日剩余4999993条推送条数----------------------------------------------------------------------------
★[2018-08-06 09:00:10] Successful
----------------------------------------------------------------------------
推送成功，共8条，成功推送8,今日剩余4999970条推送条数----------------------------------------------------------------------------
★[2018-08-06 10:00:10] Successful
----------------------------------------------------------------------------
推送成功，共10条，成功推送10,今日剩余4999910条推送条数----------------------------------------------------------------------------
★[2018-08-06 11:00:13] Successful
----------------------------------------------------------------------------
推送成功，共7条，成功推送7,今日剩余4999867条推送条数----------------------------------------------------------------------------
★[2018-08-06 12:00:11] Successful
----------------------------------------------------------------------------
推送成功，共8条，成功推送8,今日剩余4999859条推送条数----------------------------------------------------------------------------
★[2018-08-06 13:00:10] Successful
----------------------------------------------------------------------------
推送成功，共12条，成功推送12,今日剩余4999821条推送条数----------------------------------------------------------------------------
★[2018-08-06 14:00:11] Successful
----------------------------------------------------------------------------
没有新的链接可供推送----------------------------------------------------------------------------
★[2018-08-06 15:00:09] Successful
----------------------------------------------------------------------------
推送成功，共14条，成功推送14,今日剩余4999720条推送条数----------------------------------------------------------------------------
★[2018-08-06 16:00:11] Successful
----------------------------------------------------------------------------
推送成功，共11条，成功推送11,今日剩余4999672条推送条数----------------------------------------------------------------------------
★[2018-08-06 17:00:13] Successful
----------------------------------------------------------------------------
推送成功，共19条，成功推送19,今日剩余4999628条推送条数----------------------------------------------------------------------------
★[2018-08-06 18:00:11] Successful
----------------------------------------------------------------------------
推送成功，共17条，成功推送17,今日剩余4999607条推送条数----------------------------------------------------------------------------
★[2018-08-06 19:00:09] Successful
----------------------------------------------------------------------------
推送成功，共6条，成功推送6,今日剩余4999601条推送条数----------------------------------------------------------------------------
★[2018-08-06 20:00:10] Successful
----------------------------------------------------------------------------
推送成功，共5条，成功推送5,今日剩余4999596条推送条数----------------------------------------------------------------------------
★[2018-08-06 21:00:09] Successful
----------------------------------------------------------------------------
推送成功，共14条，成功推送14,今日剩余4999582条推送条数----------------------------------------------------------------------------
★[2018-08-06 22:00:09] Successful
----------------------------------------------------------------------------
推送成功，共1条，成功推送1,今日剩余4999581条推送条数----------------------------------------------------------------------------
★[2018-08-06 23:00:08] Successful
----------------------------------------------------------------------------
推送成功，共2条，成功推送2,今日剩余4999998条推送条数----------------------------------------------------------------------------
★[2018-08-07 00:00:09] Successful
----------------------------------------------------------------------------
没有新的链接可供推送----------------------------------------------------------------------------
★[2018-08-07 01:00:07] Successful
----------------------------------------------------------------------------
没有新的链接可供推送----------------------------------------------------------------------------
★[2018-08-07 02:00:08] Successful
----------------------------------------------------------------------------
没有新的链接可供推送----------------------------------------------------------------------------
★[2018-08-07 03:00:03] Successful
----------------------------------------------------------------------------
没有新的链接可供推送----------------------------------------------------------------------------
★[2018-08-07 04:00:02] Successful
----------------------------------------------------------------------------
没有新的链接可供推送----------------------------------------------------------------------------
★[2018-08-07 05:00:02] Successful
----------------------------------------------------------------------------
没有新的链接可供推送----------------------------------------------------------------------------
★[2018-08-07 06:00:02] Successful
----------------------------------------------------------------------------
没有新的链接可供推送----------------------------------------------------------------------------
★[2018-08-07 07:00:03] Successful
----------------------------------------------------------------------------
没有新的链接可供推送----------------------------------------------------------------------------
★[2018-08-07 08:00:02] Successful
----------------------------------------------------------------------------
推送成功，共2条，成功推送2,今日剩余4999998条推送条数----------------------------------------------------------------------------
★[2018-08-07 09:00:03] Successful
----------------------------------------------------------------------------
推送成功，共5条，成功推送5,今日剩余4999987条推送条数----------------------------------------------------------------------------
★[2018-08-07 10:00:10] Successful
----------------------------------------------------------------------------
推送成功，共8条，成功推送8,今日剩余4999947条推送条数----------------------------------------------------------------------------
★[2018-08-07 11:00:10] Successful
----------------------------------------------------------------------------
推送成功，共10条，成功推送10,今日剩余4999917条推送条数----------------------------------------------------------------------------
★[2018-08-07 12:00:11] Successful
----------------------------------------------------------------------------
推送成功，共10条，成功推送10,今日剩余4999907条推送条数----------------------------------------------------------------------------
★[2018-08-07 13:00:09] Successful
----------------------------------------------------------------------------
推送成功，共4条，成功推送4,今日剩余4999900条推送条数----------------------------------------------------------------------------
★[2018-08-07 14:00:09] Successful
----------------------------------------------------------------------------
推送成功，共3条，成功推送3,今日剩余4999858条推送条数----------------------------------------------------------------------------
★[2018-08-07 15:00:11] Successful
----------------------------------------------------------------------------
推送成功，共6条，成功推送6,今日剩余4999796条推送条数----------------------------------------------------------------------------
★[2018-08-07 16:00:13] Successful
----------------------------------------------------------------------------
推送成功，共33条，成功推送33,今日剩余4999965条推送条数----------------------------------------------------------------------------
★[2018-08-07 17:00:14] Successful
----------------------------------------------------------------------------
推送成功，共38条，成功推送38,今日剩余4999676条推送条数----------------------------------------------------------------------------
★[2018-08-07 18:00:13] Successful
----------------------------------------------------------------------------
推送成功，共17条，成功推送17,今日剩余4999657条推送条数----------------------------------------------------------------------------
★[2018-08-07 19:00:11] Successful
----------------------------------------------------------------------------
推送成功，共16条，成功推送16,今日剩余4999641条推送条数----------------------------------------------------------------------------
★[2018-08-07 20:00:10] Successful
----------------------------------------------------------------------------
推送成功，共5条，成功推送5,今日剩余4999636条推送条数----------------------------------------------------------------------------
★[2018-08-07 21:00:11] Successful
----------------------------------------------------------------------------
推送成功，共6条，成功推送6,今日剩余4999630条推送条数----------------------------------------------------------------------------
★[2018-08-07 22:00:10] Successful
----------------------------------------------------------------------------
推送成功，共13条，成功推送13,今日剩余4999617条推送条数----------------------------------------------------------------------------
★[2018-08-07 23:00:11] Successful
----------------------------------------------------------------------------
推送成功，共1条，成功推送1,今日剩余4999999条推送条数----------------------------------------------------------------------------
★[2018-08-08 00:00:10] Successful
----------------------------------------------------------------------------
没有新的链接可供推送----------------------------------------------------------------------------
★[2018-08-08 01:00:09] Successful
----------------------------------------------------------------------------
没有新的链接可供推送----------------------------------------------------------------------------
★[2018-08-08 02:00:02] Successful
----------------------------------------------------------------------------
没有新的链接可供推送----------------------------------------------------------------------------
★[2018-08-08 03:00:02] Successful
----------------------------------------------------------------------------
没有新的链接可供推送----------------------------------------------------------------------------
★[2018-08-08 04:00:02] Successful
----------------------------------------------------------------------------
没有新的链接可供推送----------------------------------------------------------------------------
★[2018-08-08 05:00:02] Successful
----------------------------------------------------------------------------
没有新的链接可供推送----------------------------------------------------------------------------
★[2018-08-08 06:00:02] Successful
----------------------------------------------------------------------------
没有新的链接可供推送----------------------------------------------------------------------------
★[2018-08-08 07:00:02] Successful
----------------------------------------------------------------------------
没有新的链接可供推送----------------------------------------------------------------------------
★[2018-08-08 08:00:03] Successful
----------------------------------------------------------------------------
推送成功，共9条，成功推送9,今日剩余4999990条推送条数----------------------------------------------------------------------------
★[2018-08-08 09:00:03] Successful
----------------------------------------------------------------------------
推送成功，共15条，成功推送15,今日剩余4999946条推送条数----------------------------------------------------------------------------
★[2018-08-08 10:00:13] Successful
----------------------------------------------------------------------------
推送成功，共26条，成功推送26,今日剩余4999898条推送条数----------------------------------------------------------------------------
★[2018-08-08 11:00:13] Successful
----------------------------------------------------------------------------
推送成功，共19条，成功推送19,今日剩余4999863条推送条数----------------------------------------------------------------------------
★[2018-08-08 12:00:10] Successful
----------------------------------------------------------------------------
推送成功，共10条，成功推送10,今日剩余4999853条推送条数----------------------------------------------------------------------------
★[2018-08-08 13:00:11] Successful
----------------------------------------------------------------------------
推送成功，共7条，成功推送7,今日剩余4999840条推送条数----------------------------------------------------------------------------
★[2018-08-08 14:00:10] Successful
----------------------------------------------------------------------------
推送成功，共11条，成功推送11,今日剩余4999822条推送条数----------------------------------------------------------------------------
★[2018-08-08 15:00:16] Successful
----------------------------------------------------------------------------
推送成功，共11条，成功推送11,今日剩余4999789条推送条数----------------------------------------------------------------------------
★[2018-08-08 16:00:13] Successful
----------------------------------------------------------------------------
推送成功，共11条，成功推送11,今日剩余4999737条推送条数----------------------------------------------------------------------------
★[2018-08-08 17:00:13] Successful
----------------------------------------------------------------------------
推送成功，共11条，成功推送11,今日剩余4999709条推送条数----------------------------------------------------------------------------
★[2018-08-08 18:00:14] Successful
----------------------------------------------------------------------------
推送成功，共5条，成功推送5,今日剩余4999704条推送条数----------------------------------------------------------------------------
★[2018-08-08 19:00:10] Successful
----------------------------------------------------------------------------
推送成功，共6条，成功推送6,今日剩余4999698条推送条数----------------------------------------------------------------------------
★[2018-08-08 20:00:09] Successful
----------------------------------------------------------------------------
